C:\USERS\ADMINISTRATOR\DESKTOP\AUTOMATION_SOFTWARE_V1\GENIBUS C++\GENIBUS_CRC_TO_SOFTLOGIX\DEBUG\CRC_GENIBUS.OBJ
C:\USERS\ADMINISTRATOR\DESKTOP\AUTOMATION_SOFTWARE_V1\GENIBUS C++\GENIBUS_CRC_TO_SOFTLOGIX\DEBUG\STDAFX.OBJ
C:\USERS\ADMINISTRATOR\DESKTOP\AUTOMATION_SOFTWARE_V1\GENIBUS C++\GENIBUS_CRC_TO_SOFTLOGIX\DEBUG\VC110.PDB
C:\Users\Administrator\Desktop\Automation_Software_v1\GENibus C++\Debug\Genibus_CRC_to_SoftLogix.lib
C:\Users\Administrator\Desktop\Automation_Software_v1\GENibus C++\Debug\Genibus_CRC_to_SoftLogix.exp
C:\USERS\ADMINISTRATOR\DESKTOP\AUTOMATION_SOFTWARE_V1\GENIBUS C++\GENIBUS_CRC_TO_SOFTLOGIX\DEBUG\GENIBUS_CRC_TO_SOFTLOGIX.RES
C:\Users\Administrator\Desktop\Automation_Software_v1\GENibus C++\Genibus_CRC_to_SoftLogix\Debug\crc_genibus.obj
C:\Users\Administrator\Desktop\Automation_Software_v1\GENibus C++\Genibus_CRC_to_SoftLogix\Debug\stdafx.obj
C:\Users\Administrator\Desktop\Automation_Software_v1\GENibus C++\Genibus_CRC_to_SoftLogix\Debug\cl.command.1.tlog
C:\Users\Administrator\Desktop\Automation_Software_v1\GENibus C++\Genibus_CRC_to_SoftLogix\Debug\CL.read.1.tlog
C:\Users\Administrator\Desktop\Automation_Software_v1\GENibus C++\Genibus_CRC_to_SoftLogix\Debug\CL.write.1.tlog
C:\Users\Administrator\Desktop\Automation_Software_v1\GENibus C++\Genibus_CRC_to_SoftLogix\Debug\Genibus_CRC_to_SoftLogix.write.1.tlog
C:\Users\Administrator\Desktop\Automation_Software_v1\GENibus C++\Genibus_CRC_to_SoftLogix\Debug\link-cvtres.read.1.tlog
C:\Users\Administrator\Desktop\Automation_Software_v1\GENibus C++\Genibus_CRC_to_SoftLogix\Debug\link-cvtres.write.1.tlog
C:\Users\Administrator\Desktop\Automation_Software_v1\GENibus C++\Genibus_CRC_to_SoftLogix\Debug\link-rc.read.1.tlog
C:\Users\Administrator\Desktop\Automation_Software_v1\GENibus C++\Genibus_CRC_to_SoftLogix\Debug\link-rc.write.1.tlog
C:\Users\Administrator\Desktop\Automation_Software_v1\GENibus C++\Genibus_CRC_to_SoftLogix\Debug\link.10424-cvtres.read.1.tlog
C:\Users\Administrator\Desktop\Automation_Software_v1\GENibus C++\Genibus_CRC_to_SoftLogix\Debug\link.10424-cvtres.write.1.tlog
C:\Users\Administrator\Desktop\Automation_Software_v1\GENibus C++\Genibus_CRC_to_SoftLogix\Debug\link.10424-rc.read.1.tlog
C:\Users\Administrator\Desktop\Automation_Software_v1\GENibus C++\Genibus_CRC_to_SoftLogix\Debug\link.10424-rc.write.1.tlog
C:\Users\Administrator\Desktop\Automation_Software_v1\GENibus C++\Genibus_CRC_to_SoftLogix\Debug\link.10424.read.1.tlog
C:\Users\Administrator\Desktop\Automation_Software_v1\GENibus C++\Genibus_CRC_to_SoftLogix\Debug\link.10424.write.1.tlog
C:\Users\Administrator\Desktop\Automation_Software_v1\GENibus C++\Genibus_CRC_to_SoftLogix\Debug\link.command.1.tlog
C:\Users\Administrator\Desktop\Automation_Software_v1\GENibus C++\Genibus_CRC_to_SoftLogix\Debug\link.read.1.tlog
C:\Users\Administrator\Desktop\Automation_Software_v1\GENibus C++\Genibus_CRC_to_SoftLogix\Debug\link.write.1.tlog
C:\Users\Administrator\Desktop\Automation_Software_v1\GENibus C++\Genibus_CRC_to_SoftLogix\Debug\rc.command.1.tlog
C:\Users\Administrator\Desktop\Automation_Software_v1\GENibus C++\Genibus_CRC_to_SoftLogix\Debug\rc.read.1.tlog
C:\Users\Administrator\Desktop\Automation_Software_v1\GENibus C++\Genibus_CRC_to_SoftLogix\Debug\rc.write.1.tlog
C:\Users\Administrator\Desktop\Automation_Software_v1\GENibus C++\Genibus_CRC_to_SoftLogix\Debug\Genibus_CRC_to_SoftLogix.res
C:\Users\Administrator\Desktop\Automation_Software_v1\GENibus C++\Genibus_CRC_to_SoftLogix\Debug\vc110.idb
C:\Users\Administrator\Desktop\Automation_Software_v1\GENibus C++\Genibus_CRC_to_SoftLogix\Debug\vc110.pdb
C:\Users\Administrator\Desktop\Automation_Software_v1\GENibus C++\Debug\Genibus_CRC_to_SoftLogix.pdb
